Determining if the pthread_create exist failed with the following output:
Change Dir: /home/yannic/projects/solar/build/CMakeFiles/CMakeTmp

Run Build Command:"/usr/bin/gmake" "cmTryCompileExec3656897119/fast"
/usr/bin/gmake -f CMakeFiles/cmTryCompileExec3656897119.dir/build.make CMakeFiles/cmTryCompileExec3656897119.dir/build
gmake[1]: Entering directory '/home/yannic/projects/solar/build/CMakeFiles/CMakeTmp'
/usr/bin/cmake -E cmake_progress_report /home/yannic/projects/solar/build/CMakeFiles/CMakeTmp/CMakeFiles 1
Building C object CMakeFiles/cmTryCompileExec3656897119.dir/CheckSymbolExists.c.o
/usr/bin/cc    -o CMakeFiles/cmTryCompileExec3656897119.dir/CheckSymbolExists.c.o   -c /home/yannic/projects/solar/build/CMakeFiles/CMakeTmp/CheckSymbolExists.c
Linking C executable cmTryCompileExec3656897119
/usr/bin/cmake -E cmake_link_script CMakeFiles/cmTryCompileExec3656897119.dir/link.txt --verbose=1
/usr/bin/cc       CMakeFiles/cmTryCompileExec3656897119.dir/CheckSymbolExists.c.o  -o cmTryCompileExec3656897119 -rdynamic 
CMakeFiles/cmTryCompileExec3656897119.dir/CheckSymbolExists.c.o: In function `main':
CheckSymbolExists.c:(.text+0x16): undefined reference to `pthread_create'
collect2: error: ld returned 1 exit status
CMakeFiles/cmTryCompileExec3656897119.dir/build.make:88: recipe for target 'cmTryCompileExec3656897119' failed
gmake[1]: *** [cmTryCompileExec3656897119] Error 1
gmake[1]: Leaving directory '/home/yannic/projects/solar/build/CMakeFiles/CMakeTmp'
Makefile:118: recipe for target 'cmTryCompileExec3656897119/fast' failed
gmake: *** [cmTryCompileExec3656897119/fast] Error 2

File /home/yannic/projects/solar/build/CMakeFiles/CMakeTmp/CheckSymbolExists.c:
/* */
#include <pthread.h>

int main(int argc, char** argv)
{
  (void)argv;
#ifndef pthread_create
  return ((int*)(&pthread_create))[argc];
#else
  (void)argc;
  return 0;
#endif
}

Determining if the function pthread_create exists in the pthreads failed with the following output:
Change Dir: /home/yannic/projects/solar/build/CMakeFiles/CMakeTmp

Run Build Command:"/usr/bin/gmake" "cmTryCompileExec2149717096/fast"
/usr/bin/gmake -f CMakeFiles/cmTryCompileExec2149717096.dir/build.make CMakeFiles/cmTryCompileExec2149717096.dir/build
gmake[1]: Entering directory '/home/yannic/projects/solar/build/CMakeFiles/CMakeTmp'
/usr/bin/cmake -E cmake_progress_report /home/yannic/projects/solar/build/CMakeFiles/CMakeTmp/CMakeFiles 1
Building C object CMakeFiles/cmTryCompileExec2149717096.dir/CheckFunctionExists.c.o
/usr/bin/cc   -DCHECK_FUNCTION_EXISTS=pthread_create   -o CMakeFiles/cmTryCompileExec2149717096.dir/CheckFunctionExists.c.o   -c /usr/share/cmake/Modules/CheckFunctionExists.c
Linking C executable cmTryCompileExec2149717096
/usr/bin/cmake -E cmake_link_script CMakeFiles/cmTryCompileExec2149717096.dir/link.txt --verbose=1
/usr/bin/cc   -DCHECK_FUNCTION_EXISTS=pthread_create    CMakeFiles/cmTryCompileExec2149717096.dir/CheckFunctionExists.c.o  -o cmTryCompileExec2149717096 -rdynamic -lpthreads 
/usr/lib64/gcc/x86_64-suse-linux/4.8/../../../../x86_64-suse-linux/bin/ld: cannot find -lpthreads
collect2: error: ld returned 1 exit status
CMakeFiles/cmTryCompileExec2149717096.dir/build.make:88: recipe for target 'cmTryCompileExec2149717096' failed
gmake[1]: *** [cmTryCompileExec2149717096] Error 1
gmake[1]: Leaving directory '/home/yannic/projects/solar/build/CMakeFiles/CMakeTmp'
Makefile:118: recipe for target 'cmTryCompileExec2149717096/fast' failed
gmake: *** [cmTryCompileExec2149717096/fast] Error 2


